{"message":"file not found for module `action`","code":{"code":"E0583","explanation":"A file wasn't found for an out-of-line module.\n\nErroneous code example:\n\n```compile_fail,E0583\nmod file_that_doesnt_exist; // error: file not found for module\n\nfn main() {}\n```\n\nPlease be sure that a file corresponding to the module exists. If you\nwant to use a module named `file_that_doesnt_exist`, you need to have a file\nnamed `file_that_doesnt_exist.rs` or `file_that_doesnt_exist/mod.rs` in the\nsame directory.\n"},"level":"error","spans":[{"file_name":"src/tmp.rs","byte_start":0,"byte_end":11,"line_start":1,"line_end":1,"column_start":1,"column_end":12,"is_primary":true,"text":[{"text":"mod action;","highlight_start":1,"highlight_end":12}],"label":null,"suggested_replacement":null,"suggestion_applicability":null,"expansion":null}],"children":[{"message":"to create the module `action`, create file \"src/tmp/action.rs\" or \"src/tmp/action/mod.rs\"","code":null,"level":"help","spans":[],"children":[],"rendered":null}],"rendered":"\u001b[0m\u001b[1m\u001b[38;5;9merror[E0583]\u001b[0m\u001b[0m\u001b[1m: file not found for module `action`\u001b[0m\n\u001b[0m \u001b[0m\u001b[0m\u001b[1m\u001b[38;5;12m--> \u001b[0m\u001b[0msrc/tmp.rs:1:1\u001b[0m\n\u001b[0m  \u001b[0m\u001b[0m\u001b[1m\u001b[38;5;12m|\u001b[0m\n\u001b[0m\u001b[1m\u001b[38;5;12m1\u001b[0m\u001b[0m \u001b[0m\u001b[0m\u001b[1m\u001b[38;5;12m| \u001b[0m\u001b[0mmod action;\u001b[0m\n\u001b[0m  \u001b[0m\u001b[0m\u001b[1m\u001b[38;5;12m| \u001b[0m\u001b[0m\u001b[1m\u001b[38;5;9m^^^^^^^^^^^\u001b[0m\n\u001b[0m  \u001b[0m\u001b[0m\u001b[1m\u001b[38;5;12m|\u001b[0m\n\u001b[0m  \u001b[0m\u001b[0m\u001b[1m\u001b[38;5;12m= \u001b[0m\u001b[0m\u001b[1mhelp\u001b[0m\u001b[0m: to create the module `action`, create file \"src/tmp/action.rs\" or \"src/tmp/action/mod.rs\"\u001b[0m\n\n"}
{"message":"cannot find type `ErrorData` in module `action`","code":{"code":"E0412","explanation":"A used type name is not in scope.\n\nErroneous code examples:\n\n```compile_fail,E0412\nimpl Something {} // error: type name `Something` is not in scope\n\n// or:\n\ntrait Foo {\n    fn bar(N); // error: type name `N` is not in scope\n}\n\n// or:\n\nfn foo(x: T) {} // type name `T` is not in scope\n```\n\nTo fix this error, please verify you didn't misspell the type name, you did\ndeclare it or imported it into the scope. Examples:\n\n```\nstruct Something;\n\nimpl Something {} // ok!\n\n// or:\n\ntrait Foo {\n    type N;\n\n    fn bar(_: Self::N); // ok!\n}\n\n// or:\n\nfn foo<T>(x: T) {} // ok!\n```\n\nAnother case that causes this error is when a type is imported into a parent\nmodule. To fix this, you can follow the suggestion and use File directly or\n`use super::File;` which will import the types from the parent namespace. An\nexample that causes this error is below:\n\n```compile_fail,E0412\nuse std::fs::File;\n\nmod foo {\n    fn some_function(f: File) {}\n}\n```\n\n```\nuse std::fs::File;\n\nmod foo {\n    // either\n    use super::File;\n    // or\n    // use std::fs::File;\n    fn foo(f: File) {}\n}\n# fn main() {} // don't insert it for us; that'll break imports\n```\n"},"level":"error","spans":[{"file_name":"src/tmp.rs","byte_start":153,"byte_end":162,"line_start":9,"line_end":9,"column_start":37,"column_end":46,"is_primary":true,"text":[{"text":"impl SerialActionOutput for action::ErrorData {}","highlight_start":37,"highlight_end":46}],"label":"not found in `action`","suggested_replacement":null,"suggestion_applicability":null,"expansion":null}],"children":[{"message":"consider importing this struct","code":null,"level":"help","spans":[{"file_name":"src/tmp.rs","byte_start":0,"byte_end":0,"line_start":1,"line_end":1,"column_start":1,"column_end":1,"is_primary":true,"text":[{"text":"mod action;","highlight_start":1,"highlight_end":1}],"label":null,"suggested_replacement":"use action::ErrorData;\n\n","suggestion_applicability":"Unspecified","expansion":null}],"children":[],"rendered":null}],"rendered":"\u001b[0m\u001b[1m\u001b[38;5;9merror[E0412]\u001b[0m\u001b[0m\u001b[1m: cannot find type `ErrorData` in module `action`\u001b[0m\n\u001b[0m \u001b[0m\u001b[0m\u001b[1m\u001b[38;5;12m--> \u001b[0m\u001b[0msrc/tmp.rs:9:37\u001b[0m\n\u001b[0m  \u001b[0m\u001b[0m\u001b[1m\u001b[38;5;12m|\u001b[0m\n\u001b[0m\u001b[1m\u001b[38;5;12m9\u001b[0m\u001b[0m \u001b[0m\u001b[0m\u001b[1m\u001b[38;5;12m| \u001b[0m\u001b[0mimpl SerialActionOutput for action::ErrorData {}\u001b[0m\n\u001b[0m  \u001b[0m\u001b[0m\u001b[1m\u001b[38;5;12m| \u001b[0m\u001b[0m                                    \u001b[0m\u001b[0m\u001b[1m\u001b[38;5;9m^^^^^^^^^\u001b[0m\u001b[0m \u001b[0m\u001b[0m\u001b[1m\u001b[38;5;9mnot found in `action`\u001b[0m\n\u001b[0m  \u001b[0m\u001b[0m\u001b[1m\u001b[38;5;12m|\u001b[0m\n\u001b[0m\u001b[1m\u001b[38;5;14mhelp\u001b[0m\u001b[0m: consider importing this struct\u001b[0m\n\u001b[0m  \u001b[0m\u001b[0m\u001b[1m\u001b[38;5;12m|\u001b[0m\n\u001b[0m\u001b[1m\u001b[38;5;12m1\u001b[0m\u001b[0m \u001b[0m\u001b[0m\u001b[1m\u001b[38;5;12m| \u001b[0m\u001b[0m\u001b[38;5;10muse action::ErrorData;\u001b[0m\n\u001b[0m  \u001b[0m\u001b[0m\u001b[1m\u001b[38;5;12m|\u001b[0m\n\n"}
{"message":"cannot find type `ActionResult` in module `action`","code":{"code":"E0412","explanation":"A used type name is not in scope.\n\nErroneous code examples:\n\n```compile_fail,E0412\nimpl Something {} // error: type name `Something` is not in scope\n\n// or:\n\ntrait Foo {\n    fn bar(N); // error: type name `N` is not in scope\n}\n\n// or:\n\nfn foo(x: T) {} // type name `T` is not in scope\n```\n\nTo fix this error, please verify you didn't misspell the type name, you did\ndeclare it or imported it into the scope. Examples:\n\n```\nstruct Something;\n\nimpl Something {} // ok!\n\n// or:\n\ntrait Foo {\n    type N;\n\n    fn bar(_: Self::N); // ok!\n}\n\n// or:\n\nfn foo<T>(x: T) {} // ok!\n```\n\nAnother case that causes this error is when a type is imported into a parent\nmodule. To fix this, you can follow the suggestion and use File directly or\n`use super::File;` which will import the types from the parent namespace. An\nexample that causes this error is below:\n\n```compile_fail,E0412\nuse std::fs::File;\n\nmod foo {\n    fn some_function(f: File) {}\n}\n```\n\n```\nuse std::fs::File;\n\nmod foo {\n    // either\n    use super::File;\n    // or\n    // use std::fs::File;\n    fn foo(f: File) {}\n}\n# fn main() {} // don't insert it for us; that'll break imports\n```\n"},"level":"error","spans":[{"file_name":"src/tmp.rs","byte_start":269,"byte_end":281,"line_start":13,"line_end":13,"column_start":39,"column_end":51,"is_primary":true,"text":[{"text":"pub type SerialActionResult = action::ActionResult<SerialActionMainResult>;","highlight_start":39,"highlight_end":51}],"label":"not found in `action`","suggested_replacement":null,"suggestion_applicability":null,"expansion":null}],"children":[{"message":"consider importing this type alias","code":null,"level":"help","spans":[{"file_name":"src/tmp.rs","byte_start":0,"byte_end":0,"line_start":1,"line_end":1,"column_start":1,"column_end":1,"is_primary":true,"text":[{"text":"mod action;","highlight_start":1,"highlight_end":1}],"label":null,"suggested_replacement":"use action::ActionResult;\n\n","suggestion_applicability":"Unspecified","expansion":null}],"children":[],"rendered":null}],"rendered":"\u001b[0m\u001b[1m\u001b[38;5;9merror[E0412]\u001b[0m\u001b[0m\u001b[1m: cannot find type `ActionResult` in module `action`\u001b[0m\n\u001b[0m  \u001b[0m\u001b[0m\u001b[1m\u001b[38;5;12m--> \u001b[0m\u001b[0msrc/tmp.rs:13:39\u001b[0m\n\u001b[0m   \u001b[0m\u001b[0m\u001b[1m\u001b[38;5;12m|\u001b[0m\n\u001b[0m\u001b[1m\u001b[38;5;12m13\u001b[0m\u001b[0m \u001b[0m\u001b[0m\u001b[1m\u001b[38;5;12m| \u001b[0m\u001b[0mpub type SerialActionResult = action::ActionResult<SerialActionMainResult>;\u001b[0m\n\u001b[0m   \u001b[0m\u001b[0m\u001b[1m\u001b[38;5;12m| \u001b[0m\u001b[0m                                      \u001b[0m\u001b[0m\u001b[1m\u001b[38;5;9m^^^^^^^^^^^^\u001b[0m\u001b[0m \u001b[0m\u001b[0m\u001b[1m\u001b[38;5;9mnot found in `action`\u001b[0m\n\u001b[0m   \u001b[0m\u001b[0m\u001b[1m\u001b[38;5;12m|\u001b[0m\n\u001b[0m\u001b[1m\u001b[38;5;14mhelp\u001b[0m\u001b[0m: consider importing this type alias\u001b[0m\n\u001b[0m   \u001b[0m\u001b[0m\u001b[1m\u001b[38;5;12m|\u001b[0m\n\u001b[0m\u001b[1m\u001b[38;5;12m1\u001b[0m\u001b[0m  \u001b[0m\u001b[0m\u001b[1m\u001b[38;5;12m| \u001b[0m\u001b[0m\u001b[38;5;10muse action::ActionResult;\u001b[0m\n\u001b[0m   \u001b[0m\u001b[0m\u001b[1m\u001b[38;5;12m|\u001b[0m\n\n"}
{"message":"cannot find type `ActionResult` in module `action`","code":{"code":"E0412","explanation":"A used type name is not in scope.\n\nErroneous code examples:\n\n```compile_fail,E0412\nimpl Something {} // error: type name `Something` is not in scope\n\n// or:\n\ntrait Foo {\n    fn bar(N); // error: type name `N` is not in scope\n}\n\n// or:\n\nfn foo(x: T) {} // type name `T` is not in scope\n```\n\nTo fix this error, please verify you didn't misspell the type name, you did\ndeclare it or imported it into the scope. Examples:\n\n```\nstruct Something;\n\nimpl Something {} // ok!\n\n// or:\n\ntrait Foo {\n    type N;\n\n    fn bar(_: Self::N); // ok!\n}\n\n// or:\n\nfn foo<T>(x: T) {} // ok!\n```\n\nAnother case that causes this error is when a type is imported into a parent\nmodule. To fix this, you can follow the suggestion and use File directly or\n`use super::File;` which will import the types from the parent namespace. An\nexample that causes this error is below:\n\n```compile_fail,E0412\nuse std::fs::File;\n\nmod foo {\n    fn some_function(f: File) {}\n}\n```\n\n```\nuse std::fs::File;\n\nmod foo {\n    // either\n    use super::File;\n    // or\n    // use std::fs::File;\n    fn foo(f: File) {}\n}\n# fn main() {} // don't insert it for us; that'll break imports\n```\n"},"level":"error","spans":[{"file_name":"src/tmp.rs","byte_start":430,"byte_end":442,"line_start":19,"line_end":19,"column_start":76,"column_end":88,"is_primary":true,"text":[{"text":"impl<T: 'static + SerialActionOutput> Cast<SerialActionResult> for action::ActionResult<T> {","highlight_start":76,"highlight_end":88}],"label":"not found in `action`","suggested_replacement":null,"suggestion_applicability":null,"expansion":null}],"children":[{"message":"consider importing this type alias","code":null,"level":"help","spans":[{"file_name":"src/tmp.rs","byte_start":0,"byte_end":0,"line_start":1,"line_end":1,"column_start":1,"column_end":1,"is_primary":true,"text":[{"text":"mod action;","highlight_start":1,"highlight_end":1}],"label":null,"suggested_replacement":"use action::ActionResult;\n\n","suggestion_applicability":"Unspecified","expansion":null}],"children":[],"rendered":null}],"rendered":"\u001b[0m\u001b[1m\u001b[38;5;9merror[E0412]\u001b[0m\u001b[0m\u001b[1m: cannot find type `ActionResult` in module `action`\u001b[0m\n\u001b[0m  \u001b[0m\u001b[0m\u001b[1m\u001b[38;5;12m--> \u001b[0m\u001b[0msrc/tmp.rs:19:76\u001b[0m\n\u001b[0m   \u001b[0m\u001b[0m\u001b[1m\u001b[38;5;12m|\u001b[0m\n\u001b[0m\u001b[1m\u001b[38;5;12m19\u001b[0m\u001b[0m \u001b[0m\u001b[0m\u001b[1m\u001b[38;5;12m| \u001b[0m\u001b[0mimpl<T: 'static + SerialActionOutput> Cast<SerialActionResult> for action::ActionResult<T> {\u001b[0m\n\u001b[0m   \u001b[0m\u001b[0m\u001b[1m\u001b[38;5;12m| \u001b[0m\u001b[0m                                                                           \u001b[0m\u001b[0m\u001b[1m\u001b[38;5;9m^^^^^^^^^^^^\u001b[0m\u001b[0m \u001b[0m\u001b[0m\u001b[1m\u001b[38;5;9mnot found in `action`\u001b[0m\n\u001b[0m   \u001b[0m\u001b[0m\u001b[1m\u001b[38;5;12m|\u001b[0m\n\u001b[0m\u001b[1m\u001b[38;5;14mhelp\u001b[0m\u001b[0m: consider importing this type alias\u001b[0m\n\u001b[0m   \u001b[0m\u001b[0m\u001b[1m\u001b[38;5;12m|\u001b[0m\n\u001b[0m\u001b[1m\u001b[38;5;12m1\u001b[0m\u001b[0m  \u001b[0m\u001b[0m\u001b[1m\u001b[38;5;12m| \u001b[0m\u001b[0m\u001b[38;5;10muse action::ActionResult;\u001b[0m\n\u001b[0m   \u001b[0m\u001b[0m\u001b[1m\u001b[38;5;12m|\u001b[0m\n\n"}
{"message":"cannot find trait `Action` in module `action`","code":{"code":"E0405","explanation":"The code refers to a trait that is not in scope.\n\nErroneous code example:\n\n```compile_fail,E0405\nstruct Foo;\n\nimpl SomeTrait for Foo {} // error: trait `SomeTrait` is not in scope\n```\n\nPlease verify that the name of the trait wasn't misspelled and ensure that it\nwas imported. Example:\n\n```\n# #[cfg(for_demonstration_only)]\n// solution 1:\nuse some_file::SomeTrait;\n\n// solution 2:\ntrait SomeTrait {\n    // some functions\n}\n\nstruct Foo;\n\nimpl SomeTrait for Foo { // ok!\n    // implements functions\n}\n```\n"},"level":"error","spans":[{"file_name":"src/tmp.rs","byte_start":576,"byte_end":582,"line_start":25,"line_end":25,"column_start":33,"column_end":39,"is_primary":true,"text":[{"text":"pub trait SerialAction: action::Action<SerialActionMainResult> {}","highlight_start":33,"highlight_end":39}],"label":"not found in `action`","suggested_replacement":null,"suggestion_applicability":null,"expansion":null}],"children":[{"message":"consider importing this trait","code":null,"level":"help","spans":[{"file_name":"src/tmp.rs","byte_start":0,"byte_end":0,"line_start":1,"line_end":1,"column_start":1,"column_end":1,"is_primary":true,"text":[{"text":"mod action;","highlight_start":1,"highlight_end":1}],"label":null,"suggested_replacement":"use action::Action;\n\n","suggestion_applicability":"Unspecified","expansion":null}],"children":[],"rendered":null}],"rendered":"\u001b[0m\u001b[1m\u001b[38;5;9merror[E0405]\u001b[0m\u001b[0m\u001b[1m: cannot find trait `Action` in module `action`\u001b[0m\n\u001b[0m  \u001b[0m\u001b[0m\u001b[1m\u001b[38;5;12m--> \u001b[0m\u001b[0msrc/tmp.rs:25:33\u001b[0m\n\u001b[0m   \u001b[0m\u001b[0m\u001b[1m\u001b[38;5;12m|\u001b[0m\n\u001b[0m\u001b[1m\u001b[38;5;12m25\u001b[0m\u001b[0m \u001b[0m\u001b[0m\u001b[1m\u001b[38;5;12m| \u001b[0m\u001b[0mpub trait SerialAction: action::Action<SerialActionMainResult> {}\u001b[0m\n\u001b[0m   \u001b[0m\u001b[0m\u001b[1m\u001b[38;5;12m| \u001b[0m\u001b[0m                                \u001b[0m\u001b[0m\u001b[1m\u001b[38;5;9m^^^^^^\u001b[0m\u001b[0m \u001b[0m\u001b[0m\u001b[1m\u001b[38;5;9mnot found in `action`\u001b[0m\n\u001b[0m   \u001b[0m\u001b[0m\u001b[1m\u001b[38;5;12m|\u001b[0m\n\u001b[0m\u001b[1m\u001b[38;5;14mhelp\u001b[0m\u001b[0m: consider importing this trait\u001b[0m\n\u001b[0m   \u001b[0m\u001b[0m\u001b[1m\u001b[38;5;12m|\u001b[0m\n\u001b[0m\u001b[1m\u001b[38;5;12m1\u001b[0m\u001b[0m  \u001b[0m\u001b[0m\u001b[1m\u001b[38;5;12m| \u001b[0m\u001b[0m\u001b[38;5;10muse action::Action;\u001b[0m\n\u001b[0m   \u001b[0m\u001b[0m\u001b[1m\u001b[38;5;12m|\u001b[0m\n\n"}
{"message":"cannot find trait `Action` in module `action`","code":{"code":"E0405","explanation":"The code refers to a trait that is not in scope.\n\nErroneous code example:\n\n```compile_fail,E0405\nstruct Foo;\n\nimpl SomeTrait for Foo {} // error: trait `SomeTrait` is not in scope\n```\n\nPlease verify that the name of the trait wasn't misspelled and ensure that it\nwas imported. Example:\n\n```\n# #[cfg(for_demonstration_only)]\n// solution 1:\nuse some_file::SomeTrait;\n\n// solution 2:\ntrait SomeTrait {\n    // some functions\n}\n\nstruct Foo;\n\nimpl SomeTrait for Foo { // ok!\n    // implements functions\n}\n```\n"},"level":"error","spans":[{"file_name":"src/tmp.rs","byte_start":627,"byte_end":633,"line_start":27,"line_end":27,"column_start":17,"column_end":23,"is_primary":true,"text":[{"text":"impl<T: action::Action<SerialActionMainResult>> SerialAction for T {}","highlight_start":17,"highlight_end":23}],"label":"not found in `action`","suggested_replacement":null,"suggestion_applicability":null,"expansion":null}],"children":[{"message":"consider importing this trait","code":null,"level":"help","spans":[{"file_name":"src/tmp.rs","byte_start":0,"byte_end":0,"line_start":1,"line_end":1,"column_start":1,"column_end":1,"is_primary":true,"text":[{"text":"mod action;","highlight_start":1,"highlight_end":1}],"label":null,"suggested_replacement":"use action::Action;\n\n","suggestion_applicability":"Unspecified","expansion":null}],"children":[],"rendered":null}],"rendered":"\u001b[0m\u001b[1m\u001b[38;5;9merror[E0405]\u001b[0m\u001b[0m\u001b[1m: cannot find trait `Action` in module `action`\u001b[0m\n\u001b[0m  \u001b[0m\u001b[0m\u001b[1m\u001b[38;5;12m--> \u001b[0m\u001b[0msrc/tmp.rs:27:17\u001b[0m\n\u001b[0m   \u001b[0m\u001b[0m\u001b[1m\u001b[38;5;12m|\u001b[0m\n\u001b[0m\u001b[1m\u001b[38;5;12m27\u001b[0m\u001b[0m \u001b[0m\u001b[0m\u001b[1m\u001b[38;5;12m| \u001b[0m\u001b[0mimpl<T: action::Action<SerialActionMainResult>> SerialAction for T {}\u001b[0m\n\u001b[0m   \u001b[0m\u001b[0m\u001b[1m\u001b[38;5;12m| \u001b[0m\u001b[0m                \u001b[0m\u001b[0m\u001b[1m\u001b[38;5;9m^^^^^^\u001b[0m\u001b[0m \u001b[0m\u001b[0m\u001b[1m\u001b[38;5;9mnot found in `action`\u001b[0m\n\u001b[0m   \u001b[0m\u001b[0m\u001b[1m\u001b[38;5;12m|\u001b[0m\n\u001b[0m\u001b[1m\u001b[38;5;14mhelp\u001b[0m\u001b[0m: consider importing this trait\u001b[0m\n\u001b[0m   \u001b[0m\u001b[0m\u001b[1m\u001b[38;5;12m|\u001b[0m\n\u001b[0m\u001b[1m\u001b[38;5;12m1\u001b[0m\u001b[0m  \u001b[0m\u001b[0m\u001b[1m\u001b[38;5;12m| \u001b[0m\u001b[0m\u001b[38;5;10muse action::Action;\u001b[0m\n\u001b[0m   \u001b[0m\u001b[0m\u001b[1m\u001b[38;5;12m|\u001b[0m\n\n"}
{"message":"cannot find trait `Action` in module `action`","code":{"code":"E0405","explanation":"The code refers to a trait that is not in scope.\n\nErroneous code example:\n\n```compile_fail,E0405\nstruct Foo;\n\nimpl SomeTrait for Foo {} // error: trait `SomeTrait` is not in scope\n```\n\nPlease verify that the name of the trait wasn't misspelled and ensure that it\nwas imported. Example:\n\n```\n# #[cfg(for_demonstration_only)]\n// solution 1:\nuse some_file::SomeTrait;\n\n// solution 2:\ntrait SomeTrait {\n    // some functions\n}\n\nstruct Foo;\n\nimpl SomeTrait for Foo { // ok!\n    // implements functions\n}\n```\n"},"level":"error","spans":[{"file_name":"src/tmp.rs","byte_start":1090,"byte_end":1096,"line_start":51,"line_end":51,"column_start":14,"column_end":20,"is_primary":true,"text":[{"text":"impl action::Action<SerialActionMainResult> for UserAction {","highlight_start":14,"highlight_end":20}],"label":"not found in `action`","suggested_replacement":null,"suggestion_applicability":null,"expansion":null}],"children":[{"message":"consider importing this trait","code":null,"level":"help","spans":[{"file_name":"src/tmp.rs","byte_start":0,"byte_end":0,"line_start":1,"line_end":1,"column_start":1,"column_end":1,"is_primary":true,"text":[{"text":"mod action;","highlight_start":1,"highlight_end":1}],"label":null,"suggested_replacement":"use action::Action;\n\n","suggestion_applicability":"Unspecified","expansion":null}],"children":[],"rendered":null}],"rendered":"\u001b[0m\u001b[1m\u001b[38;5;9merror[E0405]\u001b[0m\u001b[0m\u001b[1m: cannot find trait `Action` in module `action`\u001b[0m\n\u001b[0m  \u001b[0m\u001b[0m\u001b[1m\u001b[38;5;12m--> \u001b[0m\u001b[0msrc/tmp.rs:51:14\u001b[0m\n\u001b[0m   \u001b[0m\u001b[0m\u001b[1m\u001b[38;5;12m|\u001b[0m\n\u001b[0m\u001b[1m\u001b[38;5;12m51\u001b[0m\u001b[0m \u001b[0m\u001b[0m\u001b[1m\u001b[38;5;12m| \u001b[0m\u001b[0mimpl action::Action<SerialActionMainResult> for UserAction {\u001b[0m\n\u001b[0m   \u001b[0m\u001b[0m\u001b[1m\u001b[38;5;12m| \u001b[0m\u001b[0m             \u001b[0m\u001b[0m\u001b[1m\u001b[38;5;9m^^^^^^\u001b[0m\u001b[0m \u001b[0m\u001b[0m\u001b[1m\u001b[38;5;9mnot found in `action`\u001b[0m\n\u001b[0m   \u001b[0m\u001b[0m\u001b[1m\u001b[38;5;12m|\u001b[0m\n\u001b[0m\u001b[1m\u001b[38;5;14mhelp\u001b[0m\u001b[0m: consider importing this trait\u001b[0m\n\u001b[0m   \u001b[0m\u001b[0m\u001b[1m\u001b[38;5;12m|\u001b[0m\n\u001b[0m\u001b[1m\u001b[38;5;12m1\u001b[0m\u001b[0m  \u001b[0m\u001b[0m\u001b[1m\u001b[38;5;12m| \u001b[0m\u001b[0m\u001b[38;5;10muse action::Action;\u001b[0m\n\u001b[0m   \u001b[0m\u001b[0m\u001b[1m\u001b[38;5;12m|\u001b[0m\n\n"}
{"message":"cannot find type `ActionResult` in module `action`","code":{"code":"E0412","explanation":"A used type name is not in scope.\n\nErroneous code examples:\n\n```compile_fail,E0412\nimpl Something {} // error: type name `Something` is not in scope\n\n// or:\n\ntrait Foo {\n    fn bar(N); // error: type name `N` is not in scope\n}\n\n// or:\n\nfn foo(x: T) {} // type name `T` is not in scope\n```\n\nTo fix this error, please verify you didn't misspell the type name, you did\ndeclare it or imported it into the scope. Examples:\n\n```\nstruct Something;\n\nimpl Something {} // ok!\n\n// or:\n\ntrait Foo {\n    type N;\n\n    fn bar(_: Self::N); // ok!\n}\n\n// or:\n\nfn foo<T>(x: T) {} // ok!\n```\n\nAnother case that causes this error is when a type is imported into a parent\nmodule. To fix this, you can follow the suggestion and use File directly or\n`use super::File;` which will import the types from the parent namespace. An\nexample that causes this error is below:\n\n```compile_fail,E0412\nuse std::fs::File;\n\nmod foo {\n    fn some_function(f: File) {}\n}\n```\n\n```\nuse std::fs::File;\n\nmod foo {\n    // either\n    use super::File;\n    // or\n    // use std::fs::File;\n    fn foo(f: File) {}\n}\n# fn main() {} // don't insert it for us; that'll break imports\n```\n"},"level":"error","spans":[{"file_name":"src/tmp.rs","byte_start":1321,"byte_end":1333,"line_start":59,"line_end":59,"column_start":43,"column_end":55,"is_primary":true,"text":[{"text":"pub fn login(data: &LoginData) -> action::ActionResult<LoginResult> {","highlight_start":43,"highlight_end":55}],"label":"not found in `action`","suggested_replacement":null,"suggestion_applicability":null,"expansion":null}],"children":[{"message":"consider importing this type alias","code":null,"level":"help","spans":[{"file_name":"src/tmp.rs","byte_start":0,"byte_end":0,"line_start":1,"line_end":1,"column_start":1,"column_end":1,"is_primary":true,"text":[{"text":"mod action;","highlight_start":1,"highlight_end":1}],"label":null,"suggested_replacement":"use action::ActionResult;\n\n","suggestion_applicability":"Unspecified","expansion":null}],"children":[],"rendered":null}],"rendered":"\u001b[0m\u001b[1m\u001b[38;5;9merror[E0412]\u001b[0m\u001b[0m\u001b[1m: cannot find type `ActionResult` in module `action`\u001b[0m\n\u001b[0m  \u001b[0m\u001b[0m\u001b[1m\u001b[38;5;12m--> \u001b[0m\u001b[0msrc/tmp.rs:59:43\u001b[0m\n\u001b[0m   \u001b[0m\u001b[0m\u001b[1m\u001b[38;5;12m|\u001b[0m\n\u001b[0m\u001b[1m\u001b[38;5;12m59\u001b[0m\u001b[0m \u001b[0m\u001b[0m\u001b[1m\u001b[38;5;12m| \u001b[0m\u001b[0mpub fn login(data: &LoginData) -> action::ActionResult<LoginResult> {\u001b[0m\n\u001b[0m   \u001b[0m\u001b[0m\u001b[1m\u001b[38;5;12m| \u001b[0m\u001b[0m                                          \u001b[0m\u001b[0m\u001b[1m\u001b[38;5;9m^^^^^^^^^^^^\u001b[0m\u001b[0m \u001b[0m\u001b[0m\u001b[1m\u001b[38;5;9mnot found in `action`\u001b[0m\n\u001b[0m   \u001b[0m\u001b[0m\u001b[1m\u001b[38;5;12m|\u001b[0m\n\u001b[0m\u001b[1m\u001b[38;5;14mhelp\u001b[0m\u001b[0m: consider importing this type alias\u001b[0m\n\u001b[0m   \u001b[0m\u001b[0m\u001b[1m\u001b[38;5;12m|\u001b[0m\n\u001b[0m\u001b[1m\u001b[38;5;12m1\u001b[0m\u001b[0m  \u001b[0m\u001b[0m\u001b[1m\u001b[38;5;12m| \u001b[0m\u001b[0m\u001b[38;5;10muse action::ActionResult;\u001b[0m\n\u001b[0m   \u001b[0m\u001b[0m\u001b[1m\u001b[38;5;12m|\u001b[0m\n\n"}
{"message":"aborting due to 8 previous errors","code":null,"level":"error","spans":[],"children":[],"rendered":"\u001b[0m\u001b[1m\u001b[38;5;9merror\u001b[0m\u001b[0m\u001b[1m: aborting due to 8 previous errors\u001b[0m\n\n"}
{"message":"Some errors have detailed explanations: E0405, E0412, E0583.","code":null,"level":"failure-note","spans":[],"children":[],"rendered":"\u001b[0m\u001b[1mSome errors have detailed explanations: E0405, E0412, E0583.\u001b[0m\n"}
{"message":"For more information about an error, try `rustc --explain E0405`.","code":null,"level":"failure-note","spans":[],"children":[],"rendered":"\u001b[0m\u001b[1mFor more information about an error, try `rustc --explain E0405`.\u001b[0m\n"}
